
  .   ____          _            __ _ _
 /\\ / ___'_ __ _ _(_)_ __  __ _ \ \ \ \
( ( )\___ | '_ | '_| | '_ \/ _` | \ \ \ \
 \\/  ___)| |_)| | | | | || (_| |  ) ) ) )
  '  |____| .__|_| |_|_| |_\__, | / / / /
 =========|_|==============|___/=/_/_/_/

 :: Spring Boot ::                (v3.5.6)

2025-11-25T13:18:06.412-06:00  INFO 75148 --- [           main] m.e.u.l.LigamerBackendApplication        : Starting LigamerBackendApplication v0.0.1-SNAPSHOT using Java 22.0.1 with PID 75148 (/Users/rubengo/Documentos/UTEZ/ING/1re Cuatrimestre/Arquitectura de Software/LIGAMER/ligamer-backend/target/sicotof-backend-0.0.1-SNAPSHOT.jar started by rubengo in /Users/rubengo/Documentos/UTEZ/ING/1re Cuatrimestre/Arquitectura de Software/LIGAMER/ligamer-backend)
2025-11-25T13:18:06.415-06:00  INFO 75148 --- [           main] m.e.u.l.LigamerBackendApplication        : The following 1 profile is active: "local"
2025-11-25T13:18:06.717-06:00  INFO 75148 --- [           main] .s.d.r.c.RepositoryConfigurationDelegate : Bootstrapping Spring Data JPA repositories in DEFAULT mode.
2025-11-25T13:18:06.737-06:00  INFO 75148 --- [           main] .s.d.r.c.RepositoryConfigurationDelegate : Finished Spring Data repository scanning in 17 ms. Found 7 JPA repository interfaces.
2025-11-25T13:18:07.073-06:00  INFO 75148 --- [           main] o.s.b.w.embedded.tomcat.TomcatWebServer  : Tomcat initialized with port 8080 (http)
2025-11-25T13:18:07.080-06:00  INFO 75148 --- [           main] o.apache.catalina.core.StandardService   : Starting service [Tomcat]
2025-11-25T13:18:07.081-06:00  INFO 75148 --- [           main] o.apache.catalina.core.StandardEngine    : Starting Servlet engine: [Apache Tomcat/10.1.46]
2025-11-25T13:18:07.092-06:00  INFO 75148 --- [           main] o.a.c.c.C.[Tomcat].[localhost].[/]       : Initializing Spring embedded WebApplicationContext
2025-11-25T13:18:07.093-06:00  INFO 75148 --- [           main] w.s.c.ServletWebServerApplicationContext : Root WebApplicationContext: initialization completed in 654 ms
2025-11-25T13:18:07.165-06:00  INFO 75148 --- [           main] o.hibernate.jpa.internal.util.LogHelper  : HHH000204: Processing PersistenceUnitInfo [name: default]
2025-11-25T13:18:07.190-06:00  INFO 75148 --- [           main] org.hibernate.Version                    : HHH000412: Hibernate ORM core version 6.6.29.Final
2025-11-25T13:18:07.201-06:00  INFO 75148 --- [           main] o.h.c.internal.RegionFactoryInitiator    : HHH000026: Second-level cache disabled
2025-11-25T13:18:07.290-06:00  INFO 75148 --- [           main] o.s.o.j.p.SpringPersistenceUnitInfo      : No LoadTimeWeaver setup: ignoring JPA class transformer
2025-11-25T13:18:07.301-06:00  INFO 75148 --- [           main] com.zaxxer.hikari.HikariDataSource       : HikariPool-1 - Starting...
2025-11-25T13:18:07.384-06:00  INFO 75148 --- [           main] com.zaxxer.hikari.pool.HikariPool        : HikariPool-1 - Added connection conn0: url=jdbc:h2:mem:ligamerdb user=SA
2025-11-25T13:18:07.384-06:00  INFO 75148 --- [           main] com.zaxxer.hikari.HikariDataSource       : HikariPool-1 - Start completed.
2025-11-25T13:18:07.392-06:00  WARN 75148 --- [           main] org.hibernate.orm.deprecation            : HHH90000025: H2Dialect does not need to be specified explicitly using 'hibernate.dialect' (remove the property setting and it will be selected by default)
2025-11-25T13:18:07.399-06:00  INFO 75148 --- [           main] org.hibernate.orm.connections.pooling    : HHH10001005: Database info:
	Database JDBC URL [Connecting through datasource 'HikariDataSource (HikariPool-1)']
	Database driver: undefined/unknown
	Database version: 2.3.232
	Autocommit mode: undefined/unknown
	Isolation level: undefined/unknown
	Minimum pool size: undefined/unknown
	Maximum pool size: undefined/unknown
2025-11-25T13:18:07.738-06:00  INFO 75148 --- [           main] o.h.e.t.j.p.i.JtaPlatformInitiator       : HHH000489: No JTA platform available (set 'hibernate.transaction.jta.platform' to enable JTA platform integration)
Hibernate: drop table if exists join_requests cascade 
Hibernate: drop table if exists matches cascade 
Hibernate: drop table if exists roles cascade 
Hibernate: drop table if exists standings cascade 
Hibernate: drop table if exists team_members cascade 
Hibernate: drop table if exists teams cascade 
Hibernate: drop table if exists tournament_teams cascade 
Hibernate: drop table if exists tournaments cascade 
Hibernate: drop table if exists users cascade 
Hibernate: create table join_requests (created_at timestamp(6), id bigint generated by default as identity, team_id bigint not null, user_id bigint not null, status varchar(255), primary key (id))
Hibernate: create table matches (away_score integer not null, home_score integer not null, away_team_id bigint not null, created_at timestamp(6) not null, home_team_id bigint not null, id bigint generated by default as identity, match_date timestamp(6) not null, tournament_id bigint not null, status varchar(20) not null, primary key (id))
Hibernate: create table roles (id bigint generated by default as identity, name varchar(50) not null unique, primary key (id))
Hibernate: create table standings (drawn integer not null, goals_against integer not null, goals_for integer not null, lost integer not null, played integer not null, points integer not null, won integer not null, id bigint generated by default as identity, team_id bigint not null, tournament_id bigint not null, primary key (id), unique (tournament_id, team_id))
Hibernate: create table team_members (team_id bigint not null, user_id bigint not null, primary key (team_id, user_id))
Hibernate: create table teams (id bigint generated by default as identity, owner_id bigint unique, name varchar(100) not null unique, description TEXT, logo_url varchar(255), primary key (id))
Hibernate: create table tournament_teams (team_id bigint not null, tournament_id bigint not null, primary key (team_id, tournament_id))
Hibernate: create table tournaments (active BOOL DEFAULT TRUE, end_date date, start_date date, created_by bigint, id bigint generated by default as identity, description TEXT, name varchar(255) not null, rules TEXT, primary key (id))
Hibernate: create table users (active BOOL DEFAULT TRUE, id bigint generated by default as identity, reset_password_token_expiry timestamp(6), role_id bigint not null, apellido_materno varchar(100), apellido_paterno varchar(100) not null, nombre varchar(100) not null, email varchar(150) not null unique, password varchar(255) not null, reset_password_token varchar(255), primary key (id))
Hibernate: alter table if exists join_requests add constraint FKalrwb2hj4icoc1k45kup1wow1 foreign key (team_id) references teams
Hibernate: alter table if exists join_requests add constraint FKdku7pij8qiqg1471wybd70vdu foreign key (user_id) references users
Hibernate: alter table if exists matches add constraint FK2e8erbfecb0tjtq9iudg36bxu foreign key (away_team_id) references teams
Hibernate: alter table if exists matches add constraint FK8k68nekawp47js52dq8720voe foreign key (home_team_id) references teams
Hibernate: alter table if exists matches add constraint FKeeniokyjgo5k6rmhjujatn27i foreign key (tournament_id) references tournaments
Hibernate: alter table if exists standings add constraint FK6ak9f4ieqoq2bam5sjt9us7e foreign key (team_id) references teams
Hibernate: alter table if exists standings add constraint FKtnlpbtpihbdku56ptvkpxqasf foreign key (tournament_id) references tournaments
Hibernate: alter table if exists team_members add constraint FKee8x7x5026imwmma9kndkxs36 foreign key (user_id) references users
Hibernate: alter table if exists team_members add constraint FKtgca08el3ofisywcf11f0f76t foreign key (team_id) references teams
Hibernate: alter table if exists teams add constraint FKde03in0noals71lom04bmfgit foreign key (owner_id) references users
Hibernate: alter table if exists tournament_teams add constraint FKfdh1y15gds2l1e08j7qlhm9e2 foreign key (team_id) references teams
Hibernate: alter table if exists tournament_teams add constraint FKkbbpiasv8aqbh6uwc1m0wlvw4 foreign key (tournament_id) references tournaments
Hibernate: alter table if exists tournaments add constraint FKg9th3w94s0c70bexogt0g3syw foreign key (created_by) references users
Hibernate: alter table if exists users add constraint FKp56c1712k691lhsyewcssf40f foreign key (role_id) references roles
2025-11-25T13:18:07.767-06:00  INFO 75148 --- [           main] j.LocalContainerEntityManagerFactoryBean : Initialized JPA EntityManagerFactory for persistence unit 'default'
2025-11-25T13:18:07.924-06:00  INFO 75148 --- [           main] eAuthenticationProviderManagerConfigurer : Global AuthenticationManager configured with AuthenticationProvider bean with name authenticationProvider
2025-11-25T13:18:07.924-06:00  WARN 75148 --- [           main] r$InitializeUserDetailsManagerConfigurer : Global AuthenticationManager configured with an AuthenticationProvider bean. UserDetailsService beans will not be used by Spring Security for automatically configuring username/password login. Consider removing the AuthenticationProvider bean. Alternatively, consider using the UserDetailsService in a manually instantiated DaoAuthenticationProvider. If the current configuration is intentional, to turn off this warning, increase the logging level of 'org.springframework.security.config.annotation.authentication.configuration.InitializeUserDetailsBeanManagerConfigurer' to ERROR
2025-11-25T13:18:07.954-06:00  INFO 75148 --- [           main] o.s.d.j.r.query.QueryEnhancerFactory     : Hibernate is in classpath; If applicable, HQL parser will be used.
2025-11-25T13:18:08.221-06:00  WARN 75148 --- [           main] JpaBaseConfiguration$JpaWebConfiguration : spring.jpa.open-in-view is enabled by default. Therefore, database queries may be performed during view rendering. Explicitly configure spring.jpa.open-in-view to disable this warning
2025-11-25T13:18:08.468-06:00  INFO 75148 --- [           main] o.s.b.w.embedded.tomcat.TomcatWebServer  : Tomcat started on port 8080 (http) with context path '/'
2025-11-25T13:18:08.476-06:00  INFO 75148 --- [           main] m.e.u.l.LigamerBackendApplication        : Started LigamerBackendApplication in 2.28 seconds (process running for 2.477)
Hibernate: select r1_0.id,r1_0.name from roles r1_0 where r1_0.name=?
Hibernate: insert into roles (name,id) values (?,default)
Hibernate: select r1_0.id,r1_0.name from roles r1_0 where r1_0.name=?
Hibernate: insert into roles (name,id) values (?,default)
Hibernate: select r1_0.id,r1_0.name from roles r1_0 where r1_0.name=?
Hibernate: insert into roles (name,id) values (?,default)
Hibernate: select u1_0.id,u1_0.active,u1_0.apellido_materno,u1_0.apellido_paterno,u1_0.email,u1_0.nombre,u1_0.password,u1_0.reset_password_token,u1_0.reset_password_token_expiry,u1_0.role_id from users u1_0 where u1_0.email=?
Hibernate: select r1_0.id,r1_0.name from roles r1_0 where r1_0.name=?
Hibernate: insert into users (active,apellido_materno,apellido_paterno,email,nombre,password,reset_password_token,reset_password_token_expiry,role_id,id) values (?,?,?,?,?,?,?,?,?,default)
2025-11-25T13:33:07.475-06:00  WARN 75148 --- [l-1:housekeeper] com.zaxxer.hikari.pool.HikariPool        : HikariPool-1 - Retrograde clock change detected (housekeeper delta=29s843ms), soft-evicting connections from pool.
2025-11-25T15:04:42.335-06:00  WARN 75148 --- [l-1:housekeeper] com.zaxxer.hikari.pool.HikariPool        : HikariPool-1 - Thread starvation or clock leap detected (housekeeper delta=1m3s808ms).
2025-11-25T15:07:06.552-06:00  WARN 75148 --- [l-1:housekeeper] com.zaxxer.hikari.pool.HikariPool        : HikariPool-1 - Thread starvation or clock leap detected (housekeeper delta=1m54s206ms).
2025-11-25T16:45:05.859-06:00  WARN 75148 --- [l-1:housekeeper] com.zaxxer.hikari.pool.HikariPool        : HikariPool-1 - Thread starvation or clock leap detected (housekeeper delta=1h37m29s300ms).
2025-11-25T17:05:20.509-06:00  WARN 75148 --- [l-1:housekeeper] com.zaxxer.hikari.pool.HikariPool        : HikariPool-1 - Thread starvation or clock leap detected (housekeeper delta=20m14s649ms).
2025-11-25T17:14:17.636-06:00  WARN 75148 --- [l-1:housekeeper] com.zaxxer.hikari.pool.HikariPool        : HikariPool-1 - Thread starvation or clock leap detected (housekeeper delta=8m57s128ms).
2025-11-25T17:23:30.300-06:00  WARN 75148 --- [l-1:housekeeper] com.zaxxer.hikari.pool.HikariPool        : HikariPool-1 - Thread starvation or clock leap detected (housekeeper delta=8m42s653ms).
2025-11-25T17:37:28.024-06:00  INFO 75148 --- [nio-8080-exec-1] o.a.c.c.C.[Tomcat].[localhost].[/]       : Initializing Spring DispatcherServlet 'dispatcherServlet'
2025-11-25T17:37:28.025-06:00  INFO 75148 --- [nio-8080-exec-1] o.s.web.servlet.DispatcherServlet        : Initializing Servlet 'dispatcherServlet'
2025-11-25T17:37:28.077-06:00  INFO 75148 --- [nio-8080-exec-1] o.s.web.servlet.DispatcherServlet        : Completed initialization in 49 ms
Hibernate: select s1_0.id,s1_0.drawn,s1_0.goals_against,s1_0.goals_for,s1_0.lost,s1_0.played,s1_0.points,s1_0.team_id,s1_0.tournament_id,s1_0.won from standings s1_0
Hibernate: select s1_0.id,s1_0.drawn,s1_0.goals_against,s1_0.goals_for,s1_0.lost,s1_0.played,s1_0.points,s1_0.team_id,s1_0.tournament_id,s1_0.won from standings s1_0
Hibernate: select t1_0.id,t1_0.active,t1_0.created_by,t1_0.description,t1_0.end_date,t1_0.name,t1_0.rules,t1_0.start_date from tournaments t1_0
2025-11-25T17:58:45.435-06:00  WARN 75148 --- [l-1:housekeeper] com.zaxxer.hikari.pool.HikariPool        : HikariPool-1 - Thread starvation or clock leap detected (housekeeper delta=2m44s867ms).
2025-11-25T18:32:11.519-06:00  WARN 75148 --- [l-1:housekeeper] com.zaxxer.hikari.pool.HikariPool        : HikariPool-1 - Thread starvation or clock leap detected (housekeeper delta=9m55s886ms).
2025-11-25T18:43:57.402-06:00  WARN 75148 --- [l-1:housekeeper] com.zaxxer.hikari.pool.HikariPool        : HikariPool-1 - Thread starvation or clock leap detected (housekeeper delta=1m15s794ms).
2025-11-25T19:00:23.117-06:00  WARN 75148 --- [l-1:housekeeper] com.zaxxer.hikari.pool.HikariPool        : HikariPool-1 - Thread starvation or clock leap detected (housekeeper delta=15m55s695ms).
2025-11-25T19:01:59.555-06:00  WARN 75148 --- [l-1:housekeeper] com.zaxxer.hikari.pool.HikariPool        : HikariPool-1 - Thread starvation or clock leap detected (housekeeper delta=1m36s438ms).
2025-11-25T19:13:36.569-06:00  WARN 75148 --- [l-1:housekeeper] com.zaxxer.hikari.pool.HikariPool        : HikariPool-1 - Thread starvation or clock leap detected (housekeeper delta=2m36s958ms).
2025-11-25T19:15:34.812-06:00  WARN 75148 --- [l-1:housekeeper] com.zaxxer.hikari.pool.HikariPool        : HikariPool-1 - Thread starvation or clock leap detected (housekeeper delta=1m58s244ms).
2025-11-25T19:18:06.498-06:00  WARN 75148 --- [l-1:housekeeper] com.zaxxer.hikari.pool.HikariPool        : HikariPool-1 - Thread starvation or clock leap detected (housekeeper delta=2m1s684ms).
2025-11-25T19:19:38.159-06:00  WARN 75148 --- [l-1:housekeeper] com.zaxxer.hikari.pool.HikariPool        : HikariPool-1 - Thread starvation or clock leap detected (housekeeper delta=1m31s661ms).
2025-11-25T19:25:34.731-06:00  WARN 75148 --- [l-1:housekeeper] com.zaxxer.hikari.pool.HikariPool        : HikariPool-1 - Thread starvation or clock leap detected (housekeeper delta=5m26s560ms).
2025-11-25T19:28:56.251-06:00  WARN 75148 --- [l-1:housekeeper] com.zaxxer.hikari.pool.HikariPool        : HikariPool-1 - Thread starvation or clock leap detected (housekeeper delta=3m21s519ms).
2025-11-25T19:33:30.356-06:00  WARN 75148 --- [l-1:housekeeper] com.zaxxer.hikari.pool.HikariPool        : HikariPool-1 - Thread starvation or clock leap detected (housekeeper delta=4m4s97ms).
2025-11-25T19:37:46.828-06:00  WARN 75148 --- [l-1:housekeeper] com.zaxxer.hikari.pool.HikariPool        : HikariPool-1 - Thread starvation or clock leap detected (housekeeper delta=3m46s458ms).
2025-11-25T19:53:41.963-06:00  WARN 75148 --- [l-1:housekeeper] com.zaxxer.hikari.pool.HikariPool        : HikariPool-1 - Thread starvation or clock leap detected (housekeeper delta=15m55s134ms).
2025-11-25T19:58:22.838-06:00  WARN 75148 --- [l-1:housekeeper] com.zaxxer.hikari.pool.HikariPool        : HikariPool-1 - Thread starvation or clock leap detected (housekeeper delta=4m10s867ms).
2025-11-25T20:00:32.230-06:00  WARN 75148 --- [l-1:housekeeper] com.zaxxer.hikari.pool.HikariPool        : HikariPool-1 - Thread starvation or clock leap detected (housekeeper delta=2m9s392ms).
2025-11-25T20:16:57.844-06:00  WARN 75148 --- [l-1:housekeeper] com.zaxxer.hikari.pool.HikariPool        : HikariPool-1 - Thread starvation or clock leap detected (housekeeper delta=15m55s611ms).
2025-11-25T20:20:05.334-06:00  WARN 75148 --- [l-1:housekeeper] com.zaxxer.hikari.pool.HikariPool        : HikariPool-1 - Thread starvation or clock leap detected (housekeeper delta=2m3s8ms).
2025-11-25T20:25:07.816-06:00  WARN 75148 --- [l-1:housekeeper] com.zaxxer.hikari.pool.HikariPool        : HikariPool-1 - Thread starvation or clock leap detected (housekeeper delta=1m23s268ms).
2025-11-25T20:28:00.514-06:00  WARN 75148 --- [l-1:housekeeper] com.zaxxer.hikari.pool.HikariPool        : HikariPool-1 - Thread starvation or clock leap detected (housekeeper delta=48s611ms).
2025-11-25T20:30:23.995-06:00  WARN 75148 --- [l-1:housekeeper] com.zaxxer.hikari.pool.HikariPool        : HikariPool-1 - Thread starvation or clock leap detected (housekeeper delta=53s460ms).
2025-11-25T20:37:54.583-06:00  WARN 75148 --- [l-1:housekeeper] com.zaxxer.hikari.pool.HikariPool        : HikariPool-1 - Thread starvation or clock leap detected (housekeeper delta=4m30s665ms).
2025-11-25T20:39:45.320-06:00  WARN 75148 --- [l-1:housekeeper] com.zaxxer.hikari.pool.HikariPool        : HikariPool-1 - Thread starvation or clock leap detected (housekeeper delta=1m20s723ms).
2025-11-25T20:41:39.078-06:00  WARN 75148 --- [l-1:housekeeper] com.zaxxer.hikari.pool.HikariPool        : HikariPool-1 - Thread starvation or clock leap detected (housekeeper delta=1m53s758ms).
2025-11-25T20:43:18.036-06:00  WARN 75148 --- [l-1:housekeeper] com.zaxxer.hikari.pool.HikariPool        : HikariPool-1 - Thread starvation or clock leap detected (housekeeper delta=1m8s949ms).
2025-11-25T21:09:25.985-06:00  WARN 75148 --- [l-1:housekeeper] com.zaxxer.hikari.pool.HikariPool        : HikariPool-1 - Thread starvation or clock leap detected (housekeeper delta=26m7s948ms).
2025-11-25T21:11:49.678-06:00  WARN 75148 --- [l-1:housekeeper] com.zaxxer.hikari.pool.HikariPool        : HikariPool-1 - Thread starvation or clock leap detected (housekeeper delta=1m53s691ms).
2025-11-25T21:14:41.948-06:00  WARN 75148 --- [l-1:housekeeper] com.zaxxer.hikari.pool.HikariPool        : HikariPool-1 - Thread starvation or clock leap detected (housekeeper delta=2m22s258ms).
2025-11-25T21:18:09.650-06:00  WARN 75148 --- [l-1:housekeeper] com.zaxxer.hikari.pool.HikariPool        : HikariPool-1 - Thread starvation or clock leap detected (housekeeper delta=3m27s702ms).
2025-11-25T21:21:15.759-06:00  WARN 75148 --- [l-1:housekeeper] com.zaxxer.hikari.pool.HikariPool        : HikariPool-1 - Thread starvation or clock leap detected (housekeeper delta=2m36s37ms).
2025-11-25T21:37:22.768-06:00  WARN 75148 --- [l-1:housekeeper] com.zaxxer.hikari.pool.HikariPool        : HikariPool-1 - Thread starvation or clock leap detected (housekeeper delta=16m7s9ms).
2025-11-25T21:42:40.737-06:00  WARN 75148 --- [l-1:housekeeper] com.zaxxer.hikari.pool.HikariPool        : HikariPool-1 - Thread starvation or clock leap detected (housekeeper delta=5m17s964ms).
2025-11-25T21:44:10.415-06:00  WARN 75148 --- [l-1:housekeeper] com.zaxxer.hikari.pool.HikariPool        : HikariPool-1 - Thread starvation or clock leap detected (housekeeper delta=1m29s684ms).
2025-11-25T21:53:15.865-06:00  WARN 75148 --- [l-1:housekeeper] com.zaxxer.hikari.pool.HikariPool        : HikariPool-1 - Thread starvation or clock leap detected (housekeeper delta=8m35s438ms).
2025-11-25T22:01:25.948-06:00  WARN 75148 --- [l-1:housekeeper] com.zaxxer.hikari.pool.HikariPool        : HikariPool-1 - Thread starvation or clock leap detected (housekeeper delta=8m10s84ms).
2025-11-25T22:17:48.896-06:00  INFO 75148 --- [ionShutdownHook] o.s.b.w.e.tomcat.GracefulShutdown        : Commencing graceful shutdown. Waiting for active requests to complete
2025-11-25T22:17:48.967-06:00  INFO 75148 --- [tomcat-shutdown] o.s.b.w.e.tomcat.GracefulShutdown        : Graceful shutdown complete
2025-11-25T22:17:48.998-06:00  INFO 75148 --- [ionShutdownHook] j.LocalContainerEntityManagerFactoryBean : Closing JPA EntityManagerFactory for persistence unit 'default'
Hibernate: drop table if exists join_requests cascade 
Hibernate: drop table if exists matches cascade 
Hibernate: drop table if exists roles cascade 
Hibernate: drop table if exists standings cascade 
Hibernate: drop table if exists team_members cascade 
Hibernate: drop table if exists teams cascade 
Hibernate: drop table if exists tournament_teams cascade 
Hibernate: drop table if exists tournaments cascade 
Hibernate: drop table if exists users cascade 
2025-11-25T22:17:49.072-06:00  INFO 75148 --- [ionShutdownHook] com.zaxxer.hikari.HikariDataSource       : HikariPool-1 - Shutdown initiated...
2025-11-25T22:17:49.077-06:00  INFO 75148 --- [ionShutdownHook] com.zaxxer.hikari.HikariDataSource       : HikariPool-1 - Shutdown completed.
