
  .   ____          _            __ _ _
 /\\ / ___'_ __ _ _(_)_ __  __ _ \ \ \ \
( ( )\___ | '_ | '_| | '_ \/ _` | \ \ \ \
 \\/  ___)| |_)| | | | | || (_| |  ) ) ) )
  '  |____| .__|_| |_|_| |_\__, | / / / /
 =========|_|==============|___/=/_/_/_/

 :: Spring Boot ::                (v3.5.6)

2025-11-25T22:38:25.809-06:00  INFO 12982 --- [           main] m.e.u.l.LigamerBackendApplication        : Starting LigamerBackendApplication v0.0.1-SNAPSHOT using Java 22.0.1 with PID 12982 (/Users/rubengo/Documentos/UTEZ/ING/1re Cuatrimestre/Arquitectura de Software/LIGAMER/ligamer-backend/target/sicotof-backend-0.0.1-SNAPSHOT.jar started by rubengo in /Users/rubengo/Documentos/UTEZ/ING/1re Cuatrimestre/Arquitectura de Software/LIGAMER/ligamer-backend)
2025-11-25T22:38:25.810-06:00  INFO 12982 --- [           main] m.e.u.l.LigamerBackendApplication        : The following 1 profile is active: "local"
2025-11-25T22:38:26.275-06:00  INFO 12982 --- [           main] .s.d.r.c.RepositoryConfigurationDelegate : Bootstrapping Spring Data JPA repositories in DEFAULT mode.
2025-11-25T22:38:26.315-06:00  INFO 12982 --- [           main] .s.d.r.c.RepositoryConfigurationDelegate : Finished Spring Data repository scanning in 33 ms. Found 7 JPA repository interfaces.
2025-11-25T22:38:26.840-06:00  INFO 12982 --- [           main] o.s.b.w.embedded.tomcat.TomcatWebServer  : Tomcat initialized with port 8080 (http)
2025-11-25T22:38:26.849-06:00  INFO 12982 --- [           main] o.apache.catalina.core.StandardService   : Starting service [Tomcat]
2025-11-25T22:38:26.850-06:00  INFO 12982 --- [           main] o.apache.catalina.core.StandardEngine    : Starting Servlet engine: [Apache Tomcat/10.1.46]
2025-11-25T22:38:26.866-06:00  INFO 12982 --- [           main] o.a.c.c.C.[Tomcat].[localhost].[/]       : Initializing Spring embedded WebApplicationContext
2025-11-25T22:38:26.867-06:00  INFO 12982 --- [           main] w.s.c.ServletWebServerApplicationContext : Root WebApplicationContext: initialization completed in 1017 ms
2025-11-25T22:38:26.962-06:00  INFO 12982 --- [           main] o.hibernate.jpa.internal.util.LogHelper  : HHH000204: Processing PersistenceUnitInfo [name: default]
2025-11-25T22:38:26.993-06:00  INFO 12982 --- [           main] org.hibernate.Version                    : HHH000412: Hibernate ORM core version 6.6.29.Final
2025-11-25T22:38:27.005-06:00  INFO 12982 --- [           main] o.h.c.internal.RegionFactoryInitiator    : HHH000026: Second-level cache disabled
2025-11-25T22:38:27.114-06:00  INFO 12982 --- [           main] o.s.o.j.p.SpringPersistenceUnitInfo      : No LoadTimeWeaver setup: ignoring JPA class transformer
2025-11-25T22:38:27.125-06:00  INFO 12982 --- [           main] com.zaxxer.hikari.HikariDataSource       : HikariPool-1 - Starting...
2025-11-25T22:38:27.212-06:00  INFO 12982 --- [           main] com.zaxxer.hikari.pool.HikariPool        : HikariPool-1 - Added connection conn0: url=jdbc:h2:mem:ligamerdb user=SA
2025-11-25T22:38:27.212-06:00  INFO 12982 --- [           main] com.zaxxer.hikari.HikariDataSource       : HikariPool-1 - Start completed.
2025-11-25T22:38:27.222-06:00  WARN 12982 --- [           main] org.hibernate.orm.deprecation            : HHH90000025: H2Dialect does not need to be specified explicitly using 'hibernate.dialect' (remove the property setting and it will be selected by default)
2025-11-25T22:38:27.229-06:00  INFO 12982 --- [           main] org.hibernate.orm.connections.pooling    : HHH10001005: Database info:
	Database JDBC URL [Connecting through datasource 'HikariDataSource (HikariPool-1)']
	Database driver: undefined/unknown
	Database version: 2.3.232
	Autocommit mode: undefined/unknown
	Isolation level: undefined/unknown
	Minimum pool size: undefined/unknown
	Maximum pool size: undefined/unknown
2025-11-25T22:38:27.643-06:00  INFO 12982 --- [           main] o.h.e.t.j.p.i.JtaPlatformInitiator       : HHH000489: No JTA platform available (set 'hibernate.transaction.jta.platform' to enable JTA platform integration)
Hibernate: drop table if exists join_requests cascade 
Hibernate: drop table if exists matches cascade 
Hibernate: drop table if exists roles cascade 
Hibernate: drop table if exists standings cascade 
Hibernate: drop table if exists team_members cascade 
Hibernate: drop table if exists teams cascade 
Hibernate: drop table if exists tournament_teams cascade 
Hibernate: drop table if exists tournaments cascade 
Hibernate: drop table if exists users cascade 
Hibernate: create table join_requests (created_at timestamp(6), id bigint generated by default as identity, team_id bigint not null, user_id bigint not null, status varchar(255), primary key (id))
Hibernate: create table matches (away_score integer not null, home_score integer not null, away_team_id bigint not null, created_at timestamp(6) not null, home_team_id bigint not null, id bigint generated by default as identity, match_date timestamp(6) not null, tournament_id bigint not null, status varchar(20) not null, primary key (id))
Hibernate: create table roles (id bigint generated by default as identity, name varchar(50) not null unique, primary key (id))
Hibernate: create table standings (drawn integer not null, goals_against integer not null, goals_for integer not null, lost integer not null, played integer not null, points integer not null, won integer not null, id bigint generated by default as identity, team_id bigint not null, tournament_id bigint not null, primary key (id), unique (tournament_id, team_id))
Hibernate: create table team_members (team_id bigint not null, user_id bigint not null, primary key (team_id, user_id))
Hibernate: create table teams (id bigint generated by default as identity, owner_id bigint unique, name varchar(100) not null unique, description TEXT, logo_url varchar(255), primary key (id))
Hibernate: create table tournament_teams (team_id bigint not null, tournament_id bigint not null, primary key (team_id, tournament_id))
Hibernate: create table tournaments (active BOOL DEFAULT TRUE, end_date date, start_date date, created_by bigint, id bigint generated by default as identity, description TEXT, name varchar(255) not null, rules TEXT, primary key (id))
Hibernate: create table users (active BOOL DEFAULT TRUE, id bigint generated by default as identity, reset_password_token_expiry timestamp(6), role_id bigint not null, apellido_materno varchar(100), apellido_paterno varchar(100), nombre varchar(100), email varchar(150) not null unique, password varchar(255) not null, reset_password_token varchar(255), primary key (id))
Hibernate: alter table if exists join_requests add constraint FKalrwb2hj4icoc1k45kup1wow1 foreign key (team_id) references teams
Hibernate: alter table if exists join_requests add constraint FKdku7pij8qiqg1471wybd70vdu foreign key (user_id) references users
Hibernate: alter table if exists matches add constraint FK2e8erbfecb0tjtq9iudg36bxu foreign key (away_team_id) references teams
Hibernate: alter table if exists matches add constraint FK8k68nekawp47js52dq8720voe foreign key (home_team_id) references teams
Hibernate: alter table if exists matches add constraint FKeeniokyjgo5k6rmhjujatn27i foreign key (tournament_id) references tournaments
Hibernate: alter table if exists standings add constraint FK6ak9f4ieqoq2bam5sjt9us7e foreign key (team_id) references teams
Hibernate: alter table if exists standings add constraint FKtnlpbtpihbdku56ptvkpxqasf foreign key (tournament_id) references tournaments
Hibernate: alter table if exists team_members add constraint FKee8x7x5026imwmma9kndkxs36 foreign key (user_id) references users
Hibernate: alter table if exists team_members add constraint FKtgca08el3ofisywcf11f0f76t foreign key (team_id) references teams
Hibernate: alter table if exists teams add constraint FKde03in0noals71lom04bmfgit foreign key (owner_id) references users
Hibernate: alter table if exists tournament_teams add constraint FKfdh1y15gds2l1e08j7qlhm9e2 foreign key (team_id) references teams
Hibernate: alter table if exists tournament_teams add constraint FKkbbpiasv8aqbh6uwc1m0wlvw4 foreign key (tournament_id) references tournaments
Hibernate: alter table if exists tournaments add constraint FKg9th3w94s0c70bexogt0g3syw foreign key (created_by) references users
Hibernate: alter table if exists users add constraint FKp56c1712k691lhsyewcssf40f foreign key (role_id) references roles
2025-11-25T22:38:27.676-06:00  INFO 12982 --- [           main] j.LocalContainerEntityManagerFactoryBean : Initialized JPA EntityManagerFactory for persistence unit 'default'
2025-11-25T22:38:27.841-06:00  INFO 12982 --- [           main] eAuthenticationProviderManagerConfigurer : Global AuthenticationManager configured with AuthenticationProvider bean with name authenticationProvider
2025-11-25T22:38:27.842-06:00  WARN 12982 --- [           main] r$InitializeUserDetailsManagerConfigurer : Global AuthenticationManager configured with an AuthenticationProvider bean. UserDetailsService beans will not be used by Spring Security for automatically configuring username/password login. Consider removing the AuthenticationProvider bean. Alternatively, consider using the UserDetailsService in a manually instantiated DaoAuthenticationProvider. If the current configuration is intentional, to turn off this warning, increase the logging level of 'org.springframework.security.config.annotation.authentication.configuration.InitializeUserDetailsBeanManagerConfigurer' to ERROR
2025-11-25T22:38:27.871-06:00  INFO 12982 --- [           main] o.s.d.j.r.query.QueryEnhancerFactory     : Hibernate is in classpath; If applicable, HQL parser will be used.
2025-11-25T22:38:28.187-06:00  WARN 12982 --- [           main] JpaBaseConfiguration$JpaWebConfiguration : spring.jpa.open-in-view is enabled by default. Therefore, database queries may be performed during view rendering. Explicitly configure spring.jpa.open-in-view to disable this warning
2025-11-25T22:38:28.489-06:00  WARN 12982 --- [           main] ConfigServletWebServerApplicationContext : Exception encountered during context initialization - cancelling refresh attempt: org.springframework.context.ApplicationContextException: Failed to start bean 'webServerStartStop'
2025-11-25T22:38:28.490-06:00  INFO 12982 --- [           main] j.LocalContainerEntityManagerFactoryBean : Closing JPA EntityManagerFactory for persistence unit 'default'
Hibernate: drop table if exists join_requests cascade 
Hibernate: drop table if exists matches cascade 
Hibernate: drop table if exists roles cascade 
Hibernate: drop table if exists standings cascade 
Hibernate: drop table if exists team_members cascade 
Hibernate: drop table if exists teams cascade 
Hibernate: drop table if exists tournament_teams cascade 
Hibernate: drop table if exists tournaments cascade 
Hibernate: drop table if exists users cascade 
2025-11-25T22:38:28.494-06:00  INFO 12982 --- [           main] com.zaxxer.hikari.HikariDataSource       : HikariPool-1 - Shutdown initiated...
2025-11-25T22:38:28.495-06:00  INFO 12982 --- [           main] com.zaxxer.hikari.HikariDataSource       : HikariPool-1 - Shutdown completed.
2025-11-25T22:38:28.501-06:00  INFO 12982 --- [           main] .s.b.a.l.ConditionEvaluationReportLogger : 

Error starting ApplicationContext. To display the condition evaluation report re-run your application with 'debug' enabled.
2025-11-25T22:38:28.509-06:00 ERROR 12982 --- [           main] o.s.b.d.LoggingFailureAnalysisReporter   : 

***************************
APPLICATION FAILED TO START
***************************

Description:

Web server failed to start. Port 8080 was already in use.

Action:

Identify and stop the process that's listening on port 8080 or configure this application to listen on another port.

